<?xml version="1.0" encoding="UTF-8"?>
<testsuite name="tests.ApiTest" tests="1" skipped="0" failures="0" errors="0" timestamp="2025-05-24T10:25:22" hostname="AMLQASRQA4204" time="5.244">
  <properties/>
  <testcase name="executeApiFlow" classname="tests.ApiTest" time="5.244"/>
  <system-out><![CDATA[API scenario started
Initializing API test execution...
Loading YAML file: priorities.yaml
YAML loaded successfully.
Environment: staging
Base URL: https://admin.joacademy.net
Attempting to acquire auth token...
Extracted Token: 4533252|V108QRVUvv1IDFlfopKHs5UPBc3UnZafCubckNHF
Auth token acquired: 4533252|V108QRVUvv1IDFlfopKHs5UPBc3UnZafCubckNHF
Running group: courses, APIs count: 1
 API succeeded: Get User Courses
]]></system-out>
  <system-err><![CDATA[]]></system-err>
</testsuite>
