<?xml version="1.0" encoding="UTF-8"?>
<testsuite xmlns:xsi="http://www.w3.org/2001/XMLSchema-instance" xsi:noNamespaceSchemaLocation="https://maven.apache.org/surefire/maven-surefire-plugin/xsd/surefire-test-report-3.0.xsd" version="3.0" name="tests.ApiTest" time="20.373" tests="1" errors="0" skipped="0" failures="0">
  <properties>
    <property name="sun.desktop" value="windows"/>
    <property name="awt.toolkit" value="sun.awt.windows.WToolkit"/>
    <property name="java.specification.version" value="11"/>
    <property name="sun.cpu.isalist" value="amd64"/>
    <property name="sun.jnu.encoding" value="Cp1252"/>
    <property name="java.class.path" value="C:\Users\saraa.aburumman\eclipse-workspace\api-framework\target\test-classes;C:\Users\saraa.aburumman\eclipse-workspace\api-framework\target\classes;C:\Users\saraa.aburumman\.m2\repository\io\rest-assured\rest-assured\5.3.1\rest-assured-5.3.1.jar;C:\Users\saraa.aburumman\.m2\repository\org\apache\groovy\groovy\4.0.11\groovy-4.0.11.jar;C:\Users\saraa.aburumman\.m2\repository\org\apache\groovy\groovy-xml\4.0.11\groovy-xml-4.0.11.jar;C:\Users\saraa.aburumman\.m2\repository\org\apache\httpcomponents\httpclient\4.5.13\httpclient-4.5.13.jar;C:\Users\saraa.aburumman\.m2\repository\org\apache\httpcomponents\httpcore\4.4.13\httpcore-4.4.13.jar;C:\Users\saraa.aburumman\.m2\repository\commons-logging\commons-logging\1.2\commons-logging-1.2.jar;C:\Users\saraa.aburumman\.m2\repository\org\apache\httpcomponents\httpmime\4.5.13\httpmime-4.5.13.jar;C:\Users\saraa.aburumman\.m2\repository\org\hamcrest\hamcrest\2.2\hamcrest-2.2.jar;C:\Users\saraa.aburumman\.m2\repository\org\ccil\cowan\tagsoup\tagsoup\1.2.1\tagsoup-1.2.1.jar;C:\Users\saraa.aburumman\.m2\repository\io\rest-assured\json-path\5.3.1\json-path-5.3.1.jar;C:\Users\saraa.aburumman\.m2\repository\org\apache\groovy\groovy-json\4.0.11\groovy-json-4.0.11.jar;C:\Users\saraa.aburumman\.m2\repository\io\rest-assured\rest-assured-common\5.3.1\rest-assured-common-5.3.1.jar;C:\Users\saraa.aburumman\.m2\repository\io\rest-assured\xml-path\5.3.1\xml-path-5.3.1.jar;C:\Users\saraa.aburumman\.m2\repository\org\yaml\snakeyaml\2.2\snakeyaml-2.2.jar;C:\Users\saraa.aburumman\.m2\repository\com\sun\mail\javax.mail\1.6.2\javax.mail-1.6.2.jar;C:\Users\saraa.aburumman\.m2\repository\javax\activation\activation\1.1\activation-1.1.jar;C:\Users\saraa.aburumman\.m2\repository\io\qameta\allure\allure-java-commons\2.24.0\allure-java-commons-2.24.0.jar;C:\Users\saraa.aburumman\.m2\repository\org\slf4j\slf4j-api\1.7.36\slf4j-api-1.7.36.jar;C:\Users\saraa.aburumman\.m2\repository\io\qameta\allure\allure-model\2.24.0\allure-model-2.24.0.jar;C:\Users\saraa.aburumman\.m2\repository\io\qameta\allure\allure-testng\2.20.1\allure-testng-2.20.1.jar;C:\Users\saraa.aburumman\.m2\repository\io\qameta\allure\allure-test-filter\2.20.1\allure-test-filter-2.20.1.jar;C:\Users\saraa.aburumman\.m2\repository\org\apache\commons\commons-compress\1.26.1\commons-compress-1.26.1.jar;C:\Users\saraa.aburumman\.m2\repository\commons-codec\commons-codec\1.16.1\commons-codec-1.16.1.jar;C:\Users\saraa.aburumman\.m2\repository\commons-io\commons-io\2.15.1\commons-io-2.15.1.jar;C:\Users\saraa.aburumman\.m2\repository\org\apache\commons\commons-lang3\3.14.0\commons-lang3-3.14.0.jar;C:\Users\saraa.aburumman\.m2\repository\org\testng\testng\7.10.1\testng-7.10.1.jar;C:\Users\saraa.aburumman\.m2\repository\com\beust\jcommander\1.82\jcommander-1.82.jar;C:\Users\saraa.aburumman\.m2\repository\org\webjars\jquery\3.7.1\jquery-3.7.1.jar;C:\Users\saraa.aburumman\.m2\repository\io\qameta\allure\allure-rest-assured\2.24.0\allure-rest-assured-2.24.0.jar;C:\Users\saraa.aburumman\.m2\repository\io\qameta\allure\allure-attachments\2.24.0\allure-attachments-2.24.0.jar;C:\Users\saraa.aburumman\.m2\repository\org\freemarker\freemarker\2.3.31\freemarker-2.3.31.jar;C:\Users\saraa.aburumman\.m2\repository\org\slf4j\slf4j-simple\1.7.36\slf4j-simple-1.7.36.jar;C:\Users\saraa.aburumman\.m2\repository\com\itextpdf\barcodes\7.2.3\barcodes-7.2.3.jar;C:\Users\saraa.aburumman\.m2\repository\com\itextpdf\font-asian\7.2.3\font-asian-7.2.3.jar;C:\Users\saraa.aburumman\.m2\repository\com\itextpdf\forms\7.2.3\forms-7.2.3.jar;C:\Users\saraa.aburumman\.m2\repository\com\itextpdf\hyph\7.2.3\hyph-7.2.3.jar;C:\Users\saraa.aburumman\.m2\repository\com\itextpdf\io\7.2.3\io-7.2.3.jar;C:\Users\saraa.aburumman\.m2\repository\com\itextpdf\commons\7.2.3\commons-7.2.3.jar;C:\Users\saraa.aburumman\.m2\repository\com\itextpdf\kernel\7.2.3\kernel-7.2.3.jar;C:\Users\saraa.aburumman\.m2\repository\org\bouncycastle\bcpkix-jdk15on\1.70\bcpkix-jdk15on-1.70.jar;C:\Users\saraa.aburumman\.m2\repository\org\bouncycastle\bcutil-jdk15on\1.70\bcutil-jdk15on-1.70.jar;C:\Users\saraa.aburumman\.m2\repository\org\bouncycastle\bcprov-jdk15on\1.70\bcprov-jdk15on-1.70.jar;C:\Users\saraa.aburumman\.m2\repository\com\itextpdf\layout\7.2.3\layout-7.2.3.jar;C:\Users\saraa.aburumman\.m2\repository\com\itextpdf\pdfa\7.2.3\pdfa-7.2.3.jar;C:\Users\saraa.aburumman\.m2\repository\com\itextpdf\sign\7.2.3\sign-7.2.3.jar;C:\Users\saraa.aburumman\.m2\repository\com\itextpdf\styled-xml-parser\7.2.3\styled-xml-parser-7.2.3.jar;C:\Users\saraa.aburumman\.m2\repository\com\itextpdf\svg\7.2.3\svg-7.2.3.jar;C:\Users\saraa.aburumman\.m2\repository\com\fasterxml\jackson\core\jackson-databind\2.15.2\jackson-databind-2.15.2.jar;C:\Users\saraa.aburumman\.m2\repository\com\fasterxml\jackson\core\jackson-annotations\2.15.2\jackson-annotations-2.15.2.jar;C:\Users\saraa.aburumman\.m2\repository\com\fasterxml\jackson\core\jackson-core\2.15.2\jackson-core-2.15.2.jar;"/>
    <property name="java.vm.vendor" value="Oracle Corporation"/>
    <property name="sun.arch.data.model" value="64"/>
    <property name="user.variant" value=""/>
    <property name="java.vendor.url" value="https://java.oracle.com/"/>
    <property name="user.timezone" value="Asia/Amman"/>
    <property name="java.vm.specification.version" value="11"/>
    <property name="os.name" value="Windows 11"/>
    <property name="sun.java.launcher" value="SUN_STANDARD"/>
    <property name="user.country" value="US"/>
    <property name="sun.boot.library.path" value="C:\Program Files\Java\jdk-11\bin"/>
    <property name="sun.java.command" value="C:\Users\saraa.aburumman\AppData\Local\Temp\surefire11827636175826300934\surefirebooter-20250518163819708_3.jar C:\Users\saraa.aburumman\AppData\Local\Temp\surefire11827636175826300934 2025-05-18T16-38-19_493-jvmRun1 surefire-20250518163819708_1tmp surefire_0-20250518163819708_2tmp"/>
    <property name="jdk.debug" value="release"/>
    <property name="surefire.test.class.path" value="C:\Users\saraa.aburumman\eclipse-workspace\api-framework\target\test-classes;C:\Users\saraa.aburumman\eclipse-workspace\api-framework\target\classes;C:\Users\saraa.aburumman\.m2\repository\io\rest-assured\rest-assured\5.3.1\rest-assured-5.3.1.jar;C:\Users\saraa.aburumman\.m2\repository\org\apache\groovy\groovy\4.0.11\groovy-4.0.11.jar;C:\Users\saraa.aburumman\.m2\repository\org\apache\groovy\groovy-xml\4.0.11\groovy-xml-4.0.11.jar;C:\Users\saraa.aburumman\.m2\repository\org\apache\httpcomponents\httpclient\4.5.13\httpclient-4.5.13.jar;C:\Users\saraa.aburumman\.m2\repository\org\apache\httpcomponents\httpcore\4.4.13\httpcore-4.4.13.jar;C:\Users\saraa.aburumman\.m2\repository\commons-logging\commons-logging\1.2\commons-logging-1.2.jar;C:\Users\saraa.aburumman\.m2\repository\org\apache\httpcomponents\httpmime\4.5.13\httpmime-4.5.13.jar;C:\Users\saraa.aburumman\.m2\repository\org\hamcrest\hamcrest\2.2\hamcrest-2.2.jar;C:\Users\saraa.aburumman\.m2\repository\org\ccil\cowan\tagsoup\tagsoup\1.2.1\tagsoup-1.2.1.jar;C:\Users\saraa.aburumman\.m2\repository\io\rest-assured\json-path\5.3.1\json-path-5.3.1.jar;C:\Users\saraa.aburumman\.m2\repository\org\apache\groovy\groovy-json\4.0.11\groovy-json-4.0.11.jar;C:\Users\saraa.aburumman\.m2\repository\io\rest-assured\rest-assured-common\5.3.1\rest-assured-common-5.3.1.jar;C:\Users\saraa.aburumman\.m2\repository\io\rest-assured\xml-path\5.3.1\xml-path-5.3.1.jar;C:\Users\saraa.aburumman\.m2\repository\org\yaml\snakeyaml\2.2\snakeyaml-2.2.jar;C:\Users\saraa.aburumman\.m2\repository\com\sun\mail\javax.mail\1.6.2\javax.mail-1.6.2.jar;C:\Users\saraa.aburumman\.m2\repository\javax\activation\activation\1.1\activation-1.1.jar;C:\Users\saraa.aburumman\.m2\repository\io\qameta\allure\allure-java-commons\2.24.0\allure-java-commons-2.24.0.jar;C:\Users\saraa.aburumman\.m2\repository\org\slf4j\slf4j-api\1.7.36\slf4j-api-1.7.36.jar;C:\Users\saraa.aburumman\.m2\repository\io\qameta\allure\allure-model\2.24.0\allure-model-2.24.0.jar;C:\Users\saraa.aburumman\.m2\repository\io\qameta\allure\allure-testng\2.20.1\allure-testng-2.20.1.jar;C:\Users\saraa.aburumman\.m2\repository\io\qameta\allure\allure-test-filter\2.20.1\allure-test-filter-2.20.1.jar;C:\Users\saraa.aburumman\.m2\repository\org\apache\commons\commons-compress\1.26.1\commons-compress-1.26.1.jar;C:\Users\saraa.aburumman\.m2\repository\commons-codec\commons-codec\1.16.1\commons-codec-1.16.1.jar;C:\Users\saraa.aburumman\.m2\repository\commons-io\commons-io\2.15.1\commons-io-2.15.1.jar;C:\Users\saraa.aburumman\.m2\repository\org\apache\commons\commons-lang3\3.14.0\commons-lang3-3.14.0.jar;C:\Users\saraa.aburumman\.m2\repository\org\testng\testng\7.10.1\testng-7.10.1.jar;C:\Users\saraa.aburumman\.m2\repository\com\beust\jcommander\1.82\jcommander-1.82.jar;C:\Users\saraa.aburumman\.m2\repository\org\webjars\jquery\3.7.1\jquery-3.7.1.jar;C:\Users\saraa.aburumman\.m2\repository\io\qameta\allure\allure-rest-assured\2.24.0\allure-rest-assured-2.24.0.jar;C:\Users\saraa.aburumman\.m2\repository\io\qameta\allure\allure-attachments\2.24.0\allure-attachments-2.24.0.jar;C:\Users\saraa.aburumman\.m2\repository\org\freemarker\freemarker\2.3.31\freemarker-2.3.31.jar;C:\Users\saraa.aburumman\.m2\repository\org\slf4j\slf4j-simple\1.7.36\slf4j-simple-1.7.36.jar;C:\Users\saraa.aburumman\.m2\repository\com\itextpdf\barcodes\7.2.3\barcodes-7.2.3.jar;C:\Users\saraa.aburumman\.m2\repository\com\itextpdf\font-asian\7.2.3\font-asian-7.2.3.jar;C:\Users\saraa.aburumman\.m2\repository\com\itextpdf\forms\7.2.3\forms-7.2.3.jar;C:\Users\saraa.aburumman\.m2\repository\com\itextpdf\hyph\7.2.3\hyph-7.2.3.jar;C:\Users\saraa.aburumman\.m2\repository\com\itextpdf\io\7.2.3\io-7.2.3.jar;C:\Users\saraa.aburumman\.m2\repository\com\itextpdf\commons\7.2.3\commons-7.2.3.jar;C:\Users\saraa.aburumman\.m2\repository\com\itextpdf\kernel\7.2.3\kernel-7.2.3.jar;C:\Users\saraa.aburumman\.m2\repository\org\bouncycastle\bcpkix-jdk15on\1.70\bcpkix-jdk15on-1.70.jar;C:\Users\saraa.aburumman\.m2\repository\org\bouncycastle\bcutil-jdk15on\1.70\bcutil-jdk15on-1.70.jar;C:\Users\saraa.aburumman\.m2\repository\org\bouncycastle\bcprov-jdk15on\1.70\bcprov-jdk15on-1.70.jar;C:\Users\saraa.aburumman\.m2\repository\com\itextpdf\layout\7.2.3\layout-7.2.3.jar;C:\Users\saraa.aburumman\.m2\repository\com\itextpdf\pdfa\7.2.3\pdfa-7.2.3.jar;C:\Users\saraa.aburumman\.m2\repository\com\itextpdf\sign\7.2.3\sign-7.2.3.jar;C:\Users\saraa.aburumman\.m2\repository\com\itextpdf\styled-xml-parser\7.2.3\styled-xml-parser-7.2.3.jar;C:\Users\saraa.aburumman\.m2\repository\com\itextpdf\svg\7.2.3\svg-7.2.3.jar;C:\Users\saraa.aburumman\.m2\repository\com\fasterxml\jackson\core\jackson-databind\2.15.2\jackson-databind-2.15.2.jar;C:\Users\saraa.aburumman\.m2\repository\com\fasterxml\jackson\core\jackson-annotations\2.15.2\jackson-annotations-2.15.2.jar;C:\Users\saraa.aburumman\.m2\repository\com\fasterxml\jackson\core\jackson-core\2.15.2\jackson-core-2.15.2.jar;"/>
    <property name="sun.cpu.endian" value="little"/>
    <property name="user.home" value="C:\Users\saraa.aburumman"/>
    <property name="user.language" value="en"/>
    <property name="java.specification.vendor" value="Oracle Corporation"/>
    <property name="java.version.date" value="2025-04-15"/>
    <property name="java.home" value="C:\Program Files\Java\jdk-11"/>
    <property name="file.separator" value="\"/>
    <property name="basedir" value="C:\Users\saraa.aburumman\eclipse-workspace\api-framework"/>
    <property name="java.vm.compressedOopsMode" value="Zero based"/>
    <property name="line.separator" value="&#10;"/>
    <property name="java.specification.name" value="Java Platform API Specification"/>
    <property name="java.vm.specification.vendor" value="Oracle Corporation"/>
    <property name="java.awt.graphicsenv" value="sun.awt.Win32GraphicsEnvironment"/>
    <property name="surefire.real.class.path" value="C:\Users\saraa.aburumman\AppData\Local\Temp\surefire11827636175826300934\surefirebooter-20250518163819708_3.jar"/>
    <property name="user.script" value=""/>
    <property name="sun.management.compiler" value="HotSpot 64-Bit Tiered Compilers"/>
    <property name="java.runtime.version" value="11.0.27+8-LTS-232"/>
    <property name="user.name" value="saraa.aburumman"/>
    <property name="path.separator" value=";"/>
    <property name="os.version" value="10.0"/>
    <property name="java.runtime.name" value="Java(TM) SE Runtime Environment"/>
    <property name="file.encoding" value="Cp1252"/>
    <property name="java.vm.name" value="Java HotSpot(TM) 64-Bit Server VM"/>
    <property name="java.vendor.version" value="18.9"/>
    <property name="localRepository" value="C:\Users\saraa.aburumman\.m2\repository"/>
    <property name="java.vendor.url.bug" value="https://bugreport.java.com/bugreport/"/>
    <property name="java.io.tmpdir" value="C:\Users\SARAA~1.ABU\AppData\Local\Temp\"/>
    <property name="java.version" value="11.0.27"/>
    <property name="user.dir" value="C:\Users\saraa.aburumman\eclipse-workspace\api-framework"/>
    <property name="os.arch" value="amd64"/>
    <property name="java.vm.specification.name" value="Java Virtual Machine Specification"/>
    <property name="java.awt.printerjob" value="sun.awt.windows.WPrinterJob"/>
    <property name="sun.os.patch.level" value=""/>
    <property name="java.library.path" value="C:\Program Files\Java\jdk-11\bin;C:\WINDOWS\Sun\Java\bin;C:\WINDOWS\system32;C:\WINDOWS;C:/Users/saraa.aburumman/.p2/pool/plugins/org.eclipse.justj.openjdk.hotspot.jre.full.win32.x86_64_21.0.6.v20250130-0529/jre/bin/server;C:/Users/saraa.aburumman/.p2/pool/plugins/org.eclipse.justj.openjdk.hotspot.jre.full.win32.x86_64_21.0.6.v20250130-0529/jre/bin;C:\Program Files\Common Files\Oracle\Java\javapath;C:\Tools\apache-maven-3.9.9\bin;C:\Program Files (x86)\Common Files\Oracle\Java\java8path;C:\Program Files (x86)\Common Files\Oracle\Java\javapath;C:\WINDOWS\system32;C:\WINDOWS;C:\WINDOWS\System32\Wbem;C:\WINDOWS\System32\WindowsPowerShell\v1.0\;C:\WINDOWS\System32\OpenSSH\;C:\Program Files\Git\cmd;C:\Program Files\Docker\Docker\resources\bin;C:\Tools\allure\bin;C:\Program Files\Java\jdk-11\bin;C:\Users\saraa.aburumman\AppData\Local\Microsoft\WindowsApps;C:\Users\saraa.aburumman\AppData\Local\GitHubDesktop\bin;;C:\WINDOWS\System32;;."/>
    <property name="java.vendor" value="Oracle Corporation"/>
    <property name="java.vm.info" value="mixed mode"/>
    <property name="java.vm.version" value="11.0.27+8-LTS-232"/>
    <property name="java.specification.maintenance.version" value="3"/>
    <property name="sun.io.unicode.encoding" value="UnicodeLittle"/>
    <property name="java.class.version" value="55.0"/>
  </properties>
  <testcase name="executeApiFlow" classname="tests.ApiTest" time="19.757">
    <system-out><![CDATA[Initializing API test execution...
Loading YAML file: priorities.yaml
YAML loaded successfully.
Environment: staging
Base URL: https://admin.joacademy.net
Attempting to acquire auth token...
Extracted Token: 4499366|iIX35qlbsNX80v3U7ZdtJJq7By5Y4ui146eVFiNX
Auth token acquired: 4499366|iIX35qlbsNX80v3U7ZdtJJq7By5Y4ui146eVFiNX
✅  API succeeded: Get User Courses
✅  API succeeded: Get User Files
✅  API succeeded: Get Favorite Files
⚠️  API failed: Get Favorite Files - Fail (Status: 405)
⚠️  API failed: Get User Courses - Typo (Status: 404)
Email sent successfully.
Starting Retry #1 for failed APIs...
⚠️  API failed: Get Favorite Files - Fail (Status: 405)
⚠️  API failed: Get User Courses - Typo (Status: 404)
Email sent successfully.
Starting Retry #2 for remaining failed APIs...
⚠️  API failed: Get Favorite Files - Fail (Status: 405)
⚠️  API failed: Get User Courses - Typo (Status: 404)
Email sent successfully.
⚠️ API FAILED: Get Favorite Files - Fail with status: 405
⚠️ API FAILED: Get Favorite Files - Fail with status: 405
⚠️ API FAILED: Get Favorite Files - Fail with status: 405
⚠️ API FAILED: Get User Courses - Typo with status: 404
⚠️ API FAILED: Get User Courses - Typo with status: 404
⚠️ API FAILED: Get User Courses - Typo with status: 404
API monitoring run completed. Check logs or email reports for details.
]]></system-out>
  </testcase>
</testsuite>