<?xml version="1.0" encoding="UTF-8"?>
<!-- Generated by org.testng.reporters.JUnitReportReporter -->
<testsuite hostname="AMLQASRQA4204" failures="0" tests="1" name="tests.ApiTest" time="19.976" errors="0" timestamp="18 May 2025 13:14:14 GMT" skipped="0">
  <testcase classname="tests.ApiTest" name="executeApiFlow" time="19.976"/>
</testsuite> <!-- tests.ApiTest -->
