<?xml version="1.0" encoding="UTF-8"?>
<!-- Generated by org.testng.reporters.JUnitReportReporter -->
<testsuite hostname="AMLQASRQA4204" failures="0" tests="1" name="tests.ApiTest" time="22.919" errors="0" timestamp="2025-05-20T13:55:42 EET" skipped="0">
  <testcase classname="tests.ApiTest" name="executeApiFlow" time="22.919"/>
</testsuite> <!-- tests.ApiTest -->
