<?xml version="1.0" encoding="UTF-8"?>
<!-- Generated by org.testng.reporters.JUnitReportReporter -->
<testsuite hostname="AMLQASRQA4204" failures="0" tests="1" name="tests.ApiTest" time="7.294" errors="0" timestamp="2025-05-24T10:43:37 EET" skipped="0">
  <testcase classname="tests.ApiTest" name="executeApiFlow" time="7.294"/>
</testsuite> <!-- tests.ApiTest -->
